2026-02-05T19:47:12.708Z Auth Header: null
2026-02-05T19:47:12.709Z Org Header: null
2026-02-05T19:47:12.728Z Auth Header: Bearer undefined
2026-02-05T19:47:12.728Z Org Header: 364333
2026-02-05T19:47:12.729Z Token extracted: undefined...
2026-02-05T19:47:12.730Z verifyToken Error: jwt malformed (Secret: SET)
2026-02-05T19:47:12.730Z Token decoding failed (decoded is null)
2026-02-05T19:47:12.741Z Auth Header: Bearer undefined
2026-02-05T19:47:12.741Z Org Header: 364333
2026-02-05T19:47:12.742Z Token extracted: undefined...
2026-02-05T19:47:12.742Z verifyToken Error: jwt malformed (Secret: SET)
2026-02-05T19:47:12.742Z Token decoding failed (decoded is null)
2026-02-05T19:47:12.936Z Auth Header: null
2026-02-05T19:47:12.936Z Org Header: null
2026-02-05T19:47:28.273Z Auth Header: Bearer eyJhbGciOiJIUzI1NiIsInR5cCI6IkpXVCJ9.eyJ1c2VySWQiOiI2OTgyNTZjOTkxMjU3N2FhYjRhNWYwYzkiLCJvcmdpZCI6MTQ4NzIwLCJyb2xlIjoiQURNSU4iLCJlbWFpbCI6InJ1dHV3ZWJkZXZAZ21haWwuY29tIiwiaWF0IjoxNzcwMzEzMjIzLCJleHAiOjE3NzAzMTUwMjN9.QuJuUjAdMP16Ow_oJqaGw6A3S9JiYogENjwX4QDEVAw
2026-02-05T19:47:28.274Z Org Header: 148720
2026-02-05T19:47:28.275Z Token extracted: eyJhbGciOi...
2026-02-05T19:47:28.291Z verifyToken Error: jwt expired (Secret: SET)
2026-02-05T19:47:28.292Z Token decoding failed (decoded is null)
2026-02-05T19:47:28.326Z Auth Header: Bearer eyJhbGciOiJIUzI1NiIsInR5cCI6IkpXVCJ9.eyJ1c2VySWQiOiI2OTgyNTZjOTkxMjU3N2FhYjRhNWYwYzkiLCJvcmdpZCI6MTQ4NzIwLCJyb2xlIjoiQURNSU4iLCJlbWFpbCI6InJ1dHV3ZWJkZXZAZ21haWwuY29tIiwiaWF0IjoxNzcwMzEzMjIzLCJleHAiOjE3NzAzMTUwMjN9.QuJuUjAdMP16Ow_oJqaGw6A3S9JiYogENjwX4QDEVAw
2026-02-05T19:47:28.327Z Org Header: 148720
2026-02-05T19:47:28.328Z Token extracted: eyJhbGciOi...
2026-02-05T19:47:28.333Z verifyToken Error: jwt expired (Secret: SET)
2026-02-05T19:47:28.334Z Token decoding failed (decoded is null)
2026-02-05T19:47:28.619Z Auth Header: Bearer eyJhbGciOiJIUzI1NiIsInR5cCI6IkpXVCJ9.eyJ1c2VySWQiOiI2OTgyNTZjOTkxMjU3N2FhYjRhNWYwYzkiLCJvcmdpZCI6MTQ4NzIwLCJyb2xlIjoiQURNSU4iLCJlbWFpbCI6InJ1dHV3ZWJkZXZAZ21haWwuY29tIiwiaWF0IjoxNzcwMzIwODQ4LCJleHAiOjE3NzAzMjI2NDh9.a9KzJMJLJAHZwOe0kf4pI1jOcz46b-dRdvDrjapM7Aw
2026-02-05T19:47:28.619Z Org Header: 148720
2026-02-05T19:47:28.620Z Token extracted: eyJhbGciOi...
2026-02-05T19:47:28.708Z Auth Header: Bearer eyJhbGciOiJIUzI1NiIsInR5cCI6IkpXVCJ9.eyJ1c2VySWQiOiI2OTgyNTZjOTkxMjU3N2FhYjRhNWYwYzkiLCJvcmdpZCI6MTQ4NzIwLCJyb2xlIjoiQURNSU4iLCJlbWFpbCI6InJ1dHV3ZWJkZXZAZ21haWwuY29tIiwiaWF0IjoxNzcwMzIwODQ4LCJleHAiOjE3NzAzMjI2NDh9.a9KzJMJLJAHZwOe0kf4pI1jOcz46b-dRdvDrjapM7Aw
2026-02-05T19:47:28.709Z Org Header: 148720
2026-02-05T19:47:28.709Z Token extracted: eyJhbGciOi...
2026-02-05T19:48:18.810Z Auth Header: null
2026-02-05T19:48:18.810Z Org Header: null
2026-02-05T19:48:18.820Z Auth Header: Bearer eyJhbGciOiJIUzI1NiIsInR5cCI6IkpXVCJ9.eyJ1c2VySWQiOiI2OTg0ZjQwMjkzZDg4MTkzN2MyYTY0ODgiLCJvcmdpZCI6OTk1ODY4LCJyb2xlIjoiQURNSU4iLCJlbWFpbCI6InRlc3R1c2VyXzE3NzAzMjA4OTgxNzJAZXhhbXBsZS5jb20iLCJpYXQiOjE3NzAzMjA4OTgsImV4cCI6MTc3MDMyMjY5OH0.Oobtw3K5zDQ2nnrKw2A-RzvmgK13e5pst7sQSIbk96A
2026-02-05T19:48:18.820Z Org Header: 995868
2026-02-05T19:48:18.820Z Token extracted: eyJhbGciOi...
2026-02-05T19:48:18.902Z Auth Header: Bearer eyJhbGciOiJIUzI1NiIsInR5cCI6IkpXVCJ9.eyJ1c2VySWQiOiI2OTg0ZjQwMjkzZDg4MTkzN2MyYTY0ODgiLCJvcmdpZCI6OTk1ODY4LCJyb2xlIjoiQURNSU4iLCJlbWFpbCI6InRlc3R1c2VyXzE3NzAzMjA4OTgxNzJAZXhhbXBsZS5jb20iLCJpYXQiOjE3NzAzMjA4OTgsImV4cCI6MTc3MDMyMjY5OH0.Oobtw3K5zDQ2nnrKw2A-RzvmgK13e5pst7sQSIbk96A
2026-02-05T19:48:18.903Z Org Header: 995868
2026-02-05T19:48:18.903Z Token extracted: eyJhbGciOi...
2026-02-05T19:48:18.994Z Auth Header: null
2026-02-05T19:48:18.995Z Org Header: null
